<?xml version="1.0" encoding="UTF-8"?>
<!-- Generated by org.testng.reporters.JUnitReportReporter -->
<testsuite hostname="Rohit-PC" failures="0" tests="1" name="basicOperatins.AlertBox" time="34.067" errors="0" timestamp="2022-11-29T17:14:31 IST" skipped="0">
  <testcase classname="basicOperatins.AlertBox" name="alertTest" time="34.067"/>
  <system-out/>
</testsuite> <!-- basicOperatins.AlertBox -->
