<?xml version="1.0" encoding="UTF-8"?>
<!-- Generated by org.testng.reporters.JUnitReportReporter -->
<testsuite hostname="Rohit-PC" failures="0" tests="1" name="basicOperatins.MultiWindow" time="50.753" errors="0" timestamp="2022-12-01T16:26:15 IST" skipped="0">
  <testcase classname="basicOperatins.MultiWindow" name="windowHandleTest" time="50.753"/>
  <system-out/>
</testsuite> <!-- basicOperatins.MultiWindow -->
