<?xml version="1.0" encoding="UTF-8"?>
<!-- Generated by org.testng.reporters.JUnitReportReporter -->
<testsuite hostname="Rohit-PC" failures="0" tests="2" name="basicOperatins.PropFile" time="57.931" errors="0" timestamp="2022-12-07T15:52:31 IST" skipped="1">
  <testcase classname="basicOperatins.PropFile" name="screenShot" time="57.931"/>
  <system-out/>
  <testcase classname="basicOperatins.PropFile" name="readFile">
    <skipped/>
  </testcase> <!-- readFile -->
  <system-out/>
</testsuite> <!-- basicOperatins.PropFile -->
