<?xml version="1.0" encoding="UTF-8"?>
<!-- Generated by org.testng.reporters.JUnitReportReporter -->
<testsuite hostname="Rohit-PC" failures="0" tests="4" name="basicOperatins.ActionTest" time="47.374" errors="0" timestamp="2022-11-29T18:18:49 IST" skipped="3">
  <testcase classname="basicOperatins.ActionTest" name="keyboardEvents" time="47.374"/>
  <system-out/>
  <testcase classname="basicOperatins.ActionTest" name="doubleClick">
    <skipped/>
  </testcase> <!-- doubleClick -->
  <system-out/>
  <testcase classname="basicOperatins.ActionTest" name="mouseEvents">
    <skipped/>
  </testcase> <!-- mouseEvents -->
  <system-out/>
  <testcase classname="basicOperatins.ActionTest" name="dragTest">
    <skipped/>
  </testcase> <!-- dragTest -->
  <system-out/>
</testsuite> <!-- basicOperatins.ActionTest -->
