<?xml version="1.0" encoding="UTF-8"?>
<!-- Generated by org.testng.reporters.JUnitReportReporter -->
<testsuite hostname="Rohit-PC" failures="0" tests="1" name="basicOperatins.SelectTest" time="29.020" errors="0" timestamp="2022-11-28T17:28:15 IST" skipped="0">
  <testcase classname="basicOperatins.SelectTest" name="testDropdown" time="29.020"/>
  <system-out/>
</testsuite> <!-- basicOperatins.SelectTest -->
