<?xml version="1.0" encoding="UTF-8"?>
<!-- Generated by org.testng.reporters.JUnitReportReporter -->
<testsuite hostname="Rohit-PC" failures="0" tests="4" name="basicOperatins.LocatorClass" time="58.760" errors="0" timestamp="2022-11-25T16:34:13 IST" skipped="3">
  <testcase classname="basicOperatins.LocatorClass" name="tagName" time="58.760"/>
  <system-out/>
  <testcase classname="basicOperatins.LocatorClass" name="linkText">
    <skipped/>
  </testcase> <!-- linkText -->
  <system-out/>
  <testcase classname="basicOperatins.LocatorClass" name="otherLocator">
    <skipped/>
  </testcase> <!-- otherLocator -->
  <system-out/>
  <testcase classname="basicOperatins.LocatorClass" name="openOrangeBook">
    <skipped/>
  </testcase> <!-- openOrangeBook -->
  <system-out/>
</testsuite> <!-- basicOperatins.LocatorClass -->
