<?xml version="1.0" encoding="UTF-8"?>
<!-- Generated by org.testng.reporters.JUnitReportReporter -->
<testsuite hostname="Rohit-PC" failures="0" tests="1" name="basicOperatins.OpenBrowser" time="25.506" errors="0" timestamp="2022-11-24T15:02:03 IST" skipped="0">
  <testcase classname="basicOperatins.OpenBrowser" name="openChrome" time="25.506"/>
  <system-out/>
</testsuite> <!-- basicOperatins.OpenBrowser -->
