<?xml version="1.0" encoding="UTF-8"?>
<!-- Generated by org.testng.reporters.JUnitReportReporter -->
<testsuite hostname="Rohit-PC" failures="0" tests="1" name="basicOperatins.Navigation" time="72.873" errors="0" timestamp="2022-12-01T16:40:38 IST" skipped="0">
  <testcase classname="basicOperatins.Navigation" name="navigateToURL" time="72.873"/>
  <system-out/>
</testsuite> <!-- basicOperatins.Navigation -->
