<?xml version="1.0" encoding="UTF-8"?>
<!-- Generated by org.testng.reporters.JUnitReportReporter -->
<testsuite hostname="Rohit-PC" failures="0" tests="2" name="basicOperatins.JSExecute" time="34.523" errors="0" timestamp="2022-12-07T16:59:49 IST" skipped="1">
  <testcase classname="basicOperatins.JSExecute" name="JSTest" time="34.523"/>
  <system-out/>
  <testcase classname="basicOperatins.JSExecute" name="JSTEST2">
    <skipped/>
  </testcase> <!-- JSTEST2 -->
  <system-out/>
</testsuite> <!-- basicOperatins.JSExecute -->
