<?xml version="1.0" encoding="UTF-8"?>
<!-- Generated by org.testng.reporters.JUnitReportReporter -->
<testsuite hostname="Rohit-PC" failures="0" tests="3" name="basicOperatins.BrowserOpen" time="72.703" errors="0" timestamp="2022-11-24T16:53:59 IST" skipped="0">
  <testcase classname="basicOperatins.BrowserOpen" name="openFirefox" time="29.778"/>
  <system-out/>
  <testcase classname="basicOperatins.BrowserOpen" name="openEdge" time="17.418"/>
  <system-out/>
  <testcase classname="basicOperatins.BrowserOpen" name="openChrome" time="25.507"/>
  <system-out/>
</testsuite> <!-- basicOperatins.BrowserOpen -->
