<?xml version="1.0" encoding="UTF-8"?>
<!-- Generated by org.testng.reporters.JUnitReportReporter -->
<testsuite hostname="Rohit-PC" failures="0" tests="1" name="basicOperatins.Select" time="43.574" errors="0" timestamp="2022-11-28T16:42:55 IST" skipped="0">
  <testcase classname="basicOperatins.Select" name="testDropdown" time="43.574"/>
  <system-out/>
</testsuite> <!-- basicOperatins.Select -->
